2018-03-19T12:30:19.805Z - normal: Load ~/.CocosCreator/settings.json
2018-03-19T12:30:19.809Z - normal: checking language setting...
2018-03-19T12:30:19.809Z - normal: Language: en
2018-03-19T12:30:20.341Z - success: protocol editor-framework registered
2018-03-19T12:30:20.341Z - success: protocol app registered
2018-03-19T12:30:20.341Z - success: protocol theme registered
2018-03-19T12:30:20.341Z - success: protocol packages registered
2018-03-19T12:30:20.342Z - success: protocol unpack registerred
2018-03-19T12:30:20.342Z - success: protocol disable-commonjs registerred
2018-03-19T12:30:21.669Z - normal: connected!
2018-03-19T12:30:21.672Z - normal: Check project /Volumes/DATA/Projects/Training/TrainingCocosCreator
2018-03-19T12:30:21.683Z - normal: Initializing Cocos2d
2018-03-19T12:30:21.833Z - normal: Initializing Asset Database
2018-03-19T12:30:21.856Z - success: protocol uuid registerred
2018-03-19T12:30:21.857Z - success: protocol db registerred
2018-03-19T12:30:21.857Z - success: protocol thumbnail registerred
2018-03-19T12:30:21.857Z - normal: Loading editor/builtin packages
2018-03-19T12:30:21.874Z - success: anysdk loaded
2018-03-19T12:30:21.964Z - success: assets loaded
2018-03-19T12:30:21.968Z - success: builder loaded
2018-03-19T12:30:21.970Z - success: cocos-analytics loaded
2018-03-19T12:30:21.974Z - success: console loaded
2018-03-19T12:30:21.978Z - success: hierarchy loaded
2018-03-19T12:30:21.982Z - success: inspector loaded
2018-03-19T12:30:21.984Z - success: keystore loaded
2018-03-19T12:30:21.987Z - success: node-library loaded
2018-03-19T12:30:21.989Z - success: package-asset loaded
2018-03-19T12:30:21.991Z - success: preferences loaded
2018-03-19T12:30:21.993Z - success: project-exporter loaded
2018-03-19T12:30:22.008Z - success: project-importer loaded
2018-03-19T12:30:22.011Z - success: project-settings loaded
2018-03-19T12:30:22.014Z - success: ui-kit loaded
2018-03-19T12:30:22.017Z - success: ui-grid loaded
2018-03-19T12:30:22.021Z - success: scene loaded
2018-03-19T12:30:22.022Z - success: sprite-editor loaded
2018-03-19T12:30:22.026Z - success: store loaded
2018-03-19T12:30:22.030Z - success: timeline loaded
2018-03-19T12:30:22.030Z - normal: Loading builtin packages
2018-03-19T12:30:22.034Z - success: asset-db-debugger loaded
2018-03-19T12:30:22.035Z - success: color-picker loaded
2018-03-19T12:30:22.044Z - success: package-manager loaded
2018-03-19T12:30:22.048Z - success: sdkbox loaded
2018-03-19T12:30:22.051Z - success: tester loaded
2018-03-19T12:30:22.059Z - success: ui-kit-preview-extra loaded
2018-03-19T12:30:22.062Z - success: ui-kit-preview loaded
2018-03-19T12:30:22.065Z - success: ui-tree loaded
2018-03-19T12:30:22.880Z - normal: Initializing project /Volumes/DATA/Projects/Training/TrainingCocosCreator
2018-03-19T12:30:22.882Z - normal: Loading packages
2018-03-19T12:30:22.887Z - normal: Watching packages
2018-03-19T12:30:22.897Z - normal: Run Application
2018-03-19T12:30:23.768Z - success: preview server running at http://localhost:7456
2018-03-19T12:30:27.838Z - normal: 1.8.1
2018-03-19T12:30:36.478Z - info: shutdown preview server
